----------INICIO PROCESO----------
[prun] Master compute host = beehive-node1
[prun] Resource manager = slurm
[prun] Launch cmd = mpirun ./run (family=openmpi)
**************INICIA ENVIO DE LIBRO *****************
Proceso que recibe archivo es 2
Inicio de porceso de RECEPCION de achivo que manda proceso 0
Proceso que recibe archivo es 4
Inicio de porceso de RECEPCION de achivo que manda proceso 0
Inicio de porceso de RECEPCION de achivo que manda proceso 0
Inicio de porceso de RECEPCION de achivo que manda proceso 0
Cantidad de caracteres en el documento es : 3816961
Inicio de proceso de emision de achivo al proceso 2
DATO RECIBIO ES : 3816961
Fin de porceso de emision de achivo al proceso 2
Fin de porceso de RECEPCION de achivo que manda proceso 0
Inicio de porceso de RECEPCION de achivo que manda proceso 0
Cantidad de caracteres en el documento es : 3816961
Inicio de proceso de emision de achivo al proceso 4
DATO RECIBIO ES : 3816961
Fin de porceso de emision de achivo al proceso 4
Fin de porceso de RECEPCION de achivo que manda proceso 0
CANTIDAD DE PALABRAS POR CADA NODO: 221
Inicio de porceso de RECEPCION de achivo que manda proceso 0
**************finaliza ENVIO DE LIBRO *****************
**************INICIA ENVIO DE PALABRAS *****************
Cantidad de caracteres en el documento es : 19864
Inicio de proceso de emision de achivo al proceso 2
DATO RECIBIO ES : 19864
Fin de porceso de emision de achivo al proceso 2
Fin de porceso de RECEPCION de achivo que manda proceso 0
Cantidad de caracteres en el documento es : 15100
Inicio de proceso de emision de achivo al proceso 3
DATO RECIBIO ES : 15100
Fin de porceso de emision de achivo al proceso 3
Fin de porceso de RECEPCION de achivo que manda proceso 0
Cantidad de caracteres en el documento es : 15725
Inicio de proceso de emision de achivo al proceso 4
DATO RECIBIO ES : 15725
Fin de porceso de emision de achivo al proceso 4
Fin de porceso de RECEPCION de achivo que manda proceso 0
Cantidad de caracteres en el documento es : 15599
Inicio de proceso de emision de achivo al proceso 5
DATO RECIBIO ES : 15599
Fin de porceso de emision de achivo al proceso 5
**************finaliza ENVIO DE PALABRAS *****************
Fin de porceso de RECEPCION de achivo que manda proceso 0

real	1m1.475s
user	0m22.459s
sys	0m46.799s
-----------FIN PROCESO-----------
